<?xml version="1.0" encoding="UTF-8"?>
<testng-results ignored="0" total="1" passed="1" failed="0" skipped="0">
  <reporter-output>
  </reporter-output>
  <suite started-at="2023-03-20T09:28:19 IST" name="Command line suite" finished-at="2023-03-20T09:28:19 IST" duration-ms="7">
    <groups>
    </groups>
    <test started-at="2023-03-20T09:28:19 IST" name="Command line test" finished-at="2023-03-20T09:28:19 IST" duration-ms="7">
      <class name="org.example.AppTest">
        <test-method signature="testApp()[pri:0, instance:testApp(org.example.AppTest)]" started-at="2023-03-20T09:28:19 IST" name="testApp" finished-at="2023-03-20T09:28:19 IST" duration-ms="0" status="PASS">
          <reporter-output>
          </reporter-output>
        </test-method> <!-- testApp -->
      </class> <!-- org.example.AppTest -->
    </test> <!-- Command line test -->
  </suite> <!-- Command line suite -->
</testng-results>
